<?xml version="1.0" encoding="UTF-8"?>
<testsuite name="com.kwon770.book.springboot.web.HelloControllerTest" tests="2" skipped="0" failures="0" errors="0" timestamp="2021-01-03T06:53:30" hostname="Chanui-MacBookPro.local" time="0.123">
  <properties/>
  <testcase name="test_ReturningHelloDto" classname="com.kwon770.book.springboot.web.HelloControllerTest" time="0.115"/>
  <testcase name="test_ReturningHello" classname="com.kwon770.book.springboot.web.HelloControllerTest" time="0.007"/>
  <system-out><![CDATA[2021-01-03 15:53:29.560  INFO 18612 --- [    Test worker] .b.t.a.w.s.WebMvcTestContextBootstrapper : Neither @ContextConfiguration nor @ContextHierarchy found for test class [com.kwon770.book.springboot.web.HelloControllerTest], using SpringBootContextLoader
2021-01-03 15:53:29.561  INFO 18612 --- [    Test worker] o.s.t.c.support.AbstractContextLoader    : Could not detect default resource locations for test class [com.kwon770.book.springboot.web.HelloControllerTest]: no resource found for suffixes {-context.xml, Context.groovy}.
2021-01-03 15:53:29.561  INFO 18612 --- [    Test worker] t.c.s.AnnotationConfigContextLoaderUtils : Could not detect default configuration classes for test class [com.kwon770.book.springboot.web.HelloControllerTest]: HelloControllerTest does not declare any static, non-private, non-final, nested classes annotated with @Configuration.
2021-01-03 15:53:29.586  INFO 18612 --- [    Test worker] .b.t.c.SpringBootTestContextBootstrapper : Found @SpringBootConfiguration com.kwon770.book.springboot.Application for test class com.kwon770.book.springboot.web.HelloControllerTest
2021-01-03 15:53:29.587  INFO 18612 --- [    Test worker] .b.t.a.w.s.WebMvcTestContextBootstrapper : Loaded default TestExecutionListener class names from location [META-INF/spring.factories]: [org.springframework.security.test.context.support.WithSecurityContextTestExecutionListener, org.springframework.security.test.context.support.ReactorContextTestExecutionListener, org.springframework.boot.test.autoconfigure.restdocs.RestDocsTestExecutionListener, org.springframework.boot.test.autoconfigure.web.client.MockRestServiceServerResetTestExecutionListener, org.springframework.boot.test.autoconfigure.web.servlet.MockMvcPrintOnlyOnFailureTestExecutionListener, org.springframework.boot.test.autoconfigure.web.servlet.WebDriverTestExecutionListener, org.springframework.boot.test.mock.mockito.MockitoTestExecutionListener, org.springframework.boot.test.mock.mockito.ResetMocksTestExecutionListener, org.springframework.test.context.web.ServletTestExecutionListener, org.springframework.test.context.support.DirtiesContextBeforeModesTestExecutionListener, org.springframework.test.context.support.DependencyInjectionTestExecutionListener, org.springframework.test.context.support.DirtiesContextTestExecutionListener, org.springframework.test.context.transaction.TransactionalTestExecutionListener, org.springframework.test.context.jdbc.SqlScriptsTestExecutionListener]
2021-01-03 15:53:29.589  INFO 18612 --- [    Test worker] .b.t.a.w.s.WebMvcTestContextBootstrapper : Using TestExecutionListeners: [org.springframework.test.context.web.ServletTestExecutionListener@34dddb9c, org.springframework.test.context.support.DirtiesContextBeforeModesTestExecutionListener@2f33e39e, org.springframework.boot.test.mock.mockito.MockitoTestExecutionListener@38fea844, org.springframework.boot.test.autoconfigure.SpringBootDependencyInjectionTestExecutionListener@462837d2, org.springframework.test.context.support.DirtiesContextTestExecutionListener@1cf315b0, org.springframework.test.context.transaction.TransactionalTestExecutionListener@2cec2aa3, org.springframework.test.context.jdbc.SqlScriptsTestExecutionListener@611d1bf2, org.springframework.security.test.context.support.WithSecurityContextTestExecutionListener@660c26a4, org.springframework.security.test.context.support.ReactorContextTestExecutionListener@62d6f140, org.springframework.boot.test.autoconfigure.restdocs.RestDocsTestExecutionListener@2f22768b, org.springframework.boot.test.autoconfigure.web.client.MockRestServiceServerResetTestExecutionListener@26693a16, org.springframework.boot.test.autoconfigure.web.servlet.MockMvcPrintOnlyOnFailureTestExecutionListener@21d71179, org.springframework.boot.test.autoconfigure.web.servlet.WebDriverTestExecutionListener@745eb8f2, org.springframework.boot.test.mock.mockito.ResetMocksTestExecutionListener@48f41edc]

  .   ____          _            __ _ _
 /\\ / ___'_ __ _ _(_)_ __  __ _ \ \ \ \
( ( )\___ | '_ | '_| | '_ \/ _` | \ \ \ \
 \\/  ___)| |_)| | | | | || (_| |  ) ) ) )
  '  |____| .__|_| |_|_| |_\__, | / / / /
 =========|_|==============|___/=/_/_/_/
 :: Spring Boot ::        (v2.1.9.RELEASE)

2021-01-03 15:53:29.618  INFO 18612 --- [    Test worker] c.k.b.s.web.HelloControllerTest          : Starting HelloControllerTest on Chanui-MacBookPro.local with PID 18612 (started by chan in /Users/chan/code/Intellij/springaws)
2021-01-03 15:53:29.619  INFO 18612 --- [    Test worker] c.k.b.s.web.HelloControllerTest          : No active profile set, falling back to default profiles: default
2021-01-03 15:53:29.939  INFO 18612 --- [    Test worker] o.s.s.concurrent.ThreadPoolTaskExecutor  : Initializing ExecutorService 'applicationTaskExecutor'
2021-01-03 15:53:29.964  INFO 18612 --- [    Test worker] o.s.b.a.w.s.WelcomePageHandlerMapping    : Adding welcome page template: index
2021-01-03 15:53:30.105  INFO 18612 --- [    Test worker] .s.s.UserDetailsServiceAutoConfiguration : 

Using generated security password: 002a1365-5c23-448e-b452-9b43a1e4d15d

2021-01-03 15:53:30.188  INFO 18612 --- [    Test worker] o.s.s.web.DefaultSecurityFilterChain     : Creating filter chain: any request, [org.springframework.security.web.context.request.async.WebAsyncManagerIntegrationFilter@689ddd41, org.springframework.security.web.context.SecurityContextPersistenceFilter@1581a74d, org.springframework.security.web.header.HeaderWriterFilter@295a9bff, org.springframework.security.web.csrf.CsrfFilter@6212b23, org.springframework.security.web.authentication.logout.LogoutFilter@49d57a9e, org.springframework.security.web.authentication.UsernamePasswordAuthenticationFilter@6693fd1c, org.springframework.security.web.authentication.ui.DefaultLoginPageGeneratingFilter@58ad6bdb, org.springframework.security.web.authentication.ui.DefaultLogoutPageGeneratingFilter@2543e006, org.springframework.security.web.authentication.www.BasicAuthenticationFilter@2f6049fb, org.springframework.security.web.savedrequest.RequestCacheAwareFilter@6d1e64d9, org.springframework.security.web.servletapi.SecurityContextHolderAwareRequestFilter@10668fe6, org.springframework.security.web.authentication.AnonymousAuthenticationFilter@8c15ac4, org.springframework.security.web.session.SessionManagementFilter@26add5c4, org.springframework.security.web.access.ExceptionTranslationFilter@41573602, org.springframework.security.web.access.intercept.FilterSecurityInterceptor@52b2b99d]
2021-01-03 15:53:30.203  INFO 18612 --- [    Test worker] o.s.b.t.m.w.SpringBootMockServletContext : Initializing Spring TestDispatcherServlet ''
2021-01-03 15:53:30.203  INFO 18612 --- [    Test worker] o.s.t.web.servlet.TestDispatcherServlet  : Initializing Servlet ''
2021-01-03 15:53:30.205  INFO 18612 --- [    Test worker] o.s.t.web.servlet.TestDispatcherServlet  : Completed initialization in 2 ms
2021-01-03 15:53:30.230  INFO 18612 --- [    Test worker] c.k.b.s.web.HelloControllerTest          : Started HelloControllerTest in 0.634 seconds (JVM running for 8.019)
]]></system-out>
  <system-err><![CDATA[]]></system-err>
</testsuite>
