<?xml version="1.0" encoding="UTF-8"?>
<testsuite name="com.kwon770.book.springboot.web.HelloControllerTest" tests="2" skipped="0" failures="0" errors="0" timestamp="2020-12-31T06:14:55" hostname="Chanui-MacBookPro.local" time="0.115">
  <properties/>
  <testcase name="test_ReturningHelloDto" classname="com.kwon770.book.springboot.web.HelloControllerTest" time="0.105"/>
  <testcase name="test_ReturningHello" classname="com.kwon770.book.springboot.web.HelloControllerTest" time="0.008"/>
  <system-out><![CDATA[2020-12-31 15:14:54.722  INFO 35179 --- [    Test worker] .b.t.a.w.s.WebMvcTestContextBootstrapper : Neither @ContextConfiguration nor @ContextHierarchy found for test class [com.kwon770.book.springboot.web.HelloControllerTest], using SpringBootContextLoader
2020-12-31 15:14:54.723  INFO 35179 --- [    Test worker] o.s.t.c.support.AbstractContextLoader    : Could not detect default resource locations for test class [com.kwon770.book.springboot.web.HelloControllerTest]: no resource found for suffixes {-context.xml, Context.groovy}.
2020-12-31 15:14:54.723  INFO 35179 --- [    Test worker] t.c.s.AnnotationConfigContextLoaderUtils : Could not detect default configuration classes for test class [com.kwon770.book.springboot.web.HelloControllerTest]: HelloControllerTest does not declare any static, non-private, non-final, nested classes annotated with @Configuration.
2020-12-31 15:14:54.739  INFO 35179 --- [    Test worker] .b.t.c.SpringBootTestContextBootstrapper : Found @SpringBootConfiguration com.kwon770.book.springboot.Application for test class com.kwon770.book.springboot.web.HelloControllerTest
2020-12-31 15:14:54.740  INFO 35179 --- [    Test worker] .b.t.a.w.s.WebMvcTestContextBootstrapper : Loaded default TestExecutionListener class names from location [META-INF/spring.factories]: [org.springframework.security.test.context.support.WithSecurityContextTestExecutionListener, org.springframework.security.test.context.support.ReactorContextTestExecutionListener, org.springframework.boot.test.autoconfigure.restdocs.RestDocsTestExecutionListener, org.springframework.boot.test.autoconfigure.web.client.MockRestServiceServerResetTestExecutionListener, org.springframework.boot.test.autoconfigure.web.servlet.MockMvcPrintOnlyOnFailureTestExecutionListener, org.springframework.boot.test.autoconfigure.web.servlet.WebDriverTestExecutionListener, org.springframework.boot.test.mock.mockito.MockitoTestExecutionListener, org.springframework.boot.test.mock.mockito.ResetMocksTestExecutionListener, org.springframework.test.context.web.ServletTestExecutionListener, org.springframework.test.context.support.DirtiesContextBeforeModesTestExecutionListener, org.springframework.test.context.support.DependencyInjectionTestExecutionListener, org.springframework.test.context.support.DirtiesContextTestExecutionListener, org.springframework.test.context.transaction.TransactionalTestExecutionListener, org.springframework.test.context.jdbc.SqlScriptsTestExecutionListener]
2020-12-31 15:14:54.741  INFO 35179 --- [    Test worker] .b.t.a.w.s.WebMvcTestContextBootstrapper : Using TestExecutionListeners: [org.springframework.test.context.web.ServletTestExecutionListener@611d1bf2, org.springframework.test.context.support.DirtiesContextBeforeModesTestExecutionListener@660c26a4, org.springframework.boot.test.mock.mockito.MockitoTestExecutionListener@62d6f140, org.springframework.boot.test.autoconfigure.SpringBootDependencyInjectionTestExecutionListener@2f22768b, org.springframework.test.context.support.DirtiesContextTestExecutionListener@26693a16, org.springframework.test.context.transaction.TransactionalTestExecutionListener@21d71179, org.springframework.test.context.jdbc.SqlScriptsTestExecutionListener@745eb8f2, org.springframework.security.test.context.support.WithSecurityContextTestExecutionListener@48f41edc, org.springframework.security.test.context.support.ReactorContextTestExecutionListener@27a2345e, org.springframework.boot.test.autoconfigure.restdocs.RestDocsTestExecutionListener@3e67b50a, org.springframework.boot.test.autoconfigure.web.client.MockRestServiceServerResetTestExecutionListener@3fff131c, org.springframework.boot.test.autoconfigure.web.servlet.MockMvcPrintOnlyOnFailureTestExecutionListener@5795f8c1, org.springframework.boot.test.autoconfigure.web.servlet.WebDriverTestExecutionListener@61a326a9, org.springframework.boot.test.mock.mockito.ResetMocksTestExecutionListener@62ef1072]

  .   ____          _            __ _ _
 /\\ / ___'_ __ _ _(_)_ __  __ _ \ \ \ \
( ( )\___ | '_ | '_| | '_ \/ _` | \ \ \ \
 \\/  ___)| |_)| | | | | || (_| |  ) ) ) )
  '  |____| .__|_| |_|_| |_\__, | / / / /
 =========|_|==============|___/=/_/_/_/
 :: Spring Boot ::        (v2.1.9.RELEASE)

2020-12-31 15:14:54.771  INFO 35179 --- [    Test worker] c.k.b.s.web.HelloControllerTest          : Starting HelloControllerTest on Chanui-MacBookPro.local with PID 35179 (started by chan in /Users/chan/code/Intellij/springaws)
2020-12-31 15:14:54.773  INFO 35179 --- [    Test worker] c.k.b.s.web.HelloControllerTest          : No active profile set, falling back to default profiles: default
2020-12-31 15:14:55.079  INFO 35179 --- [    Test worker] o.s.s.concurrent.ThreadPoolTaskExecutor  : Initializing ExecutorService 'applicationTaskExecutor'
2020-12-31 15:14:55.116  INFO 35179 --- [    Test worker] o.s.b.a.w.s.WelcomePageHandlerMapping    : Adding welcome page template: index
2020-12-31 15:14:55.287  INFO 35179 --- [    Test worker] .s.s.UserDetailsServiceAutoConfiguration : 

Using generated security password: 49d15adb-fcd9-4920-af88-928b59c3093a

2020-12-31 15:14:55.387  INFO 35179 --- [    Test worker] o.s.s.web.DefaultSecurityFilterChain     : Creating filter chain: any request, [org.springframework.security.web.context.request.async.WebAsyncManagerIntegrationFilter@cb2efe7, org.springframework.security.web.context.SecurityContextPersistenceFilter@7a1535b4, org.springframework.security.web.header.HeaderWriterFilter@400e144c, org.springframework.security.web.csrf.CsrfFilter@6d1e64d9, org.springframework.security.web.authentication.logout.LogoutFilter@55b4d826, org.springframework.security.web.authentication.UsernamePasswordAuthenticationFilter@d480b67, org.springframework.security.web.authentication.ui.DefaultLoginPageGeneratingFilter@633a05c5, org.springframework.security.web.authentication.ui.DefaultLogoutPageGeneratingFilter@4342fb4a, org.springframework.security.web.authentication.www.BasicAuthenticationFilter@345e16c0, org.springframework.security.web.savedrequest.RequestCacheAwareFilter@49d57a9e, org.springframework.security.web.servletapi.SecurityContextHolderAwareRequestFilter@7949ab9c, org.springframework.security.web.authentication.AnonymousAuthenticationFilter@7ee1df4, org.springframework.security.web.session.SessionManagementFilter@5ea88838, org.springframework.security.web.access.ExceptionTranslationFilter@58ad6bdb, org.springframework.security.web.access.intercept.FilterSecurityInterceptor@21c5cd83]
2020-12-31 15:14:55.402  INFO 35179 --- [    Test worker] o.s.b.t.m.w.SpringBootMockServletContext : Initializing Spring TestDispatcherServlet ''
2020-12-31 15:14:55.403  INFO 35179 --- [    Test worker] o.s.t.web.servlet.TestDispatcherServlet  : Initializing Servlet ''
2020-12-31 15:14:55.405  INFO 35179 --- [    Test worker] o.s.t.web.servlet.TestDispatcherServlet  : Completed initialization in 2 ms
2020-12-31 15:14:55.436  INFO 35179 --- [    Test worker] c.k.b.s.web.HelloControllerTest          : Started HelloControllerTest in 0.687 seconds (JVM running for 8.05)
]]></system-out>
  <system-err><![CDATA[]]></system-err>
</testsuite>
