<?xml version="1.0" encoding="UTF-8"?>
<testsuite name="com.kwon770.book.springboot.web.PostsApiControllerTest" tests="2" skipped="0" failures="0" errors="0" timestamp="2021-01-03T06:53:30" hostname="Chanui-MacBookPro.local" time="0.199">
  <properties/>
  <testcase name="Test_RegisteringPosts" classname="com.kwon770.book.springboot.web.PostsApiControllerTest" time="0.165"/>
  <testcase name="Test_ModifyingPosts" classname="com.kwon770.book.springboot.web.PostsApiControllerTest" time="0.033"/>
  <system-out><![CDATA[2021-01-03 15:53:30.358  INFO 18612 --- [    Test worker] .b.t.c.SpringBootTestContextBootstrapper : Neither @ContextConfiguration nor @ContextHierarchy found for test class [com.kwon770.book.springboot.web.PostsApiControllerTest], using SpringBootContextLoader
2021-01-03 15:53:30.359  INFO 18612 --- [    Test worker] o.s.t.c.support.AbstractContextLoader    : Could not detect default resource locations for test class [com.kwon770.book.springboot.web.PostsApiControllerTest]: no resource found for suffixes {-context.xml, Context.groovy}.
2021-01-03 15:53:30.359  INFO 18612 --- [    Test worker] t.c.s.AnnotationConfigContextLoaderUtils : Could not detect default configuration classes for test class [com.kwon770.book.springboot.web.PostsApiControllerTest]: PostsApiControllerTest does not declare any static, non-private, non-final, nested classes annotated with @Configuration.
2021-01-03 15:53:30.360  INFO 18612 --- [    Test worker] .b.t.c.SpringBootTestContextBootstrapper : Found @SpringBootConfiguration com.kwon770.book.springboot.Application for test class com.kwon770.book.springboot.web.PostsApiControllerTest
2021-01-03 15:53:30.361  INFO 18612 --- [    Test worker] .b.t.c.SpringBootTestContextBootstrapper : Loaded default TestExecutionListener class names from location [META-INF/spring.factories]: [org.springframework.security.test.context.support.WithSecurityContextTestExecutionListener, org.springframework.security.test.context.support.ReactorContextTestExecutionListener, org.springframework.boot.test.autoconfigure.restdocs.RestDocsTestExecutionListener, org.springframework.boot.test.autoconfigure.web.client.MockRestServiceServerResetTestExecutionListener, org.springframework.boot.test.autoconfigure.web.servlet.MockMvcPrintOnlyOnFailureTestExecutionListener, org.springframework.boot.test.autoconfigure.web.servlet.WebDriverTestExecutionListener, org.springframework.boot.test.mock.mockito.MockitoTestExecutionListener, org.springframework.boot.test.mock.mockito.ResetMocksTestExecutionListener, org.springframework.test.context.web.ServletTestExecutionListener, org.springframework.test.context.support.DirtiesContextBeforeModesTestExecutionListener, org.springframework.test.context.support.DependencyInjectionTestExecutionListener, org.springframework.test.context.support.DirtiesContextTestExecutionListener, org.springframework.test.context.transaction.TransactionalTestExecutionListener, org.springframework.test.context.jdbc.SqlScriptsTestExecutionListener]
2021-01-03 15:53:30.362  INFO 18612 --- [    Test worker] .b.t.c.SpringBootTestContextBootstrapper : Using TestExecutionListeners: [org.springframework.test.context.web.ServletTestExecutionListener@7d17aa5c, org.springframework.test.context.support.DirtiesContextBeforeModesTestExecutionListener@118fd002, org.springframework.boot.test.mock.mockito.MockitoTestExecutionListener@7c83a720, org.springframework.boot.test.autoconfigure.SpringBootDependencyInjectionTestExecutionListener@4b5c3d89, org.springframework.test.context.support.DirtiesContextTestExecutionListener@b593bf4, org.springframework.test.context.transaction.TransactionalTestExecutionListener@6439f55d, org.springframework.test.context.jdbc.SqlScriptsTestExecutionListener@562e45d, org.springframework.security.test.context.support.WithSecurityContextTestExecutionListener@2f78310d, org.springframework.security.test.context.support.ReactorContextTestExecutionListener@6d3c298d, org.springframework.boot.test.autoconfigure.restdocs.RestDocsTestExecutionListener@4604ba6a, org.springframework.boot.test.autoconfigure.web.client.MockRestServiceServerResetTestExecutionListener@54d6fefb, org.springframework.boot.test.autoconfigure.web.servlet.MockMvcPrintOnlyOnFailureTestExecutionListener@3ac84d35, org.springframework.boot.test.autoconfigure.web.servlet.WebDriverTestExecutionListener@36b47ba0, org.springframework.boot.test.mock.mockito.ResetMocksTestExecutionListener@550040f6]
2021-01-03 15:53:30.368  INFO 18612 --- [    Test worker] o.a.c.c.C.[Tomcat].[localhost].[/]       : Initializing Spring TestDispatcherServlet ''
2021-01-03 15:53:30.369  INFO 18612 --- [    Test worker] o.s.t.web.servlet.TestDispatcherServlet  : Initializing Servlet ''
2021-01-03 15:53:30.372  INFO 18612 --- [    Test worker] o.s.t.web.servlet.TestDispatcherServlet  : Completed initialization in 3 ms
Hibernate: insert into posts (created_date, modified_date, author, content, title) values (?, ?, ?, ?, ?)
Hibernate: select posts0_.id as id1_0_, posts0_.created_date as created_2_0_, posts0_.modified_date as modified3_0_, posts0_.author as author4_0_, posts0_.content as content5_0_, posts0_.title as title6_0_ from posts posts0_
Hibernate: select posts0_.id as id1_0_, posts0_.created_date as created_2_0_, posts0_.modified_date as modified3_0_, posts0_.author as author4_0_, posts0_.content as content5_0_, posts0_.title as title6_0_ from posts posts0_
Hibernate: delete from posts where id=?
2021-01-03 15:53:30.534  INFO 18612 --- [    Test worker] o.a.c.c.C.[Tomcat].[localhost].[/]       : Initializing Spring TestDispatcherServlet ''
2021-01-03 15:53:30.535  INFO 18612 --- [    Test worker] o.s.t.web.servlet.TestDispatcherServlet  : Initializing Servlet ''
2021-01-03 15:53:30.540  INFO 18612 --- [    Test worker] o.s.t.web.servlet.TestDispatcherServlet  : Completed initialization in 5 ms
Hibernate: insert into posts (created_date, modified_date, author, content, title) values (?, ?, ?, ?, ?)
Hibernate: select posts0_.id as id1_0_0_, posts0_.created_date as created_2_0_0_, posts0_.modified_date as modified3_0_0_, posts0_.author as author4_0_0_, posts0_.content as content5_0_0_, posts0_.title as title6_0_0_ from posts posts0_ where posts0_.id=?
Hibernate: update posts set created_date=?, modified_date=?, author=?, content=?, title=? where id=?
Hibernate: select posts0_.id as id1_0_, posts0_.created_date as created_2_0_, posts0_.modified_date as modified3_0_, posts0_.author as author4_0_, posts0_.content as content5_0_, posts0_.title as title6_0_ from posts posts0_
Hibernate: select posts0_.id as id1_0_, posts0_.created_date as created_2_0_, posts0_.modified_date as modified3_0_, posts0_.author as author4_0_, posts0_.content as content5_0_, posts0_.title as title6_0_ from posts posts0_
Hibernate: delete from posts where id=?
]]></system-out>
  <system-err><![CDATA[]]></system-err>
</testsuite>
