<?xml version="1.0" encoding="UTF-8"?>
<testsuite name="com.kwon770.book.springboot.web.dto.IndexControllerTest" tests="1" skipped="0" failures="0" errors="0" timestamp="2021-01-03T09:34:31" hostname="Chanui-MacBookPro.local" time="0.424">
  <properties/>
  <testcase name="Test_LoadingMainPage" classname="com.kwon770.book.springboot.web.dto.IndexControllerTest" time="0.424"/>
  <system-out><![CDATA[18:34:22.648 [Test worker] DEBUG org.springframework.test.context.junit4.SpringJUnit4ClassRunner - SpringJUnit4ClassRunner constructor called with [class com.kwon770.book.springboot.web.dto.IndexControllerTest]
18:34:22.653 [Test worker] DEBUG org.springframework.test.context.BootstrapUtils - Instantiating CacheAwareContextLoaderDelegate from class [org.springframework.test.context.cache.DefaultCacheAwareContextLoaderDelegate]
18:34:22.662 [Test worker] DEBUG org.springframework.test.context.BootstrapUtils - Instantiating BootstrapContext using constructor [public org.springframework.test.context.support.DefaultBootstrapContext(java.lang.Class,org.springframework.test.context.CacheAwareContextLoaderDelegate)]
18:34:22.677 [Test worker] DEBUG org.springframework.test.context.BootstrapUtils - Instantiating TestContextBootstrapper for test class [com.kwon770.book.springboot.web.dto.IndexControllerTest] from class [org.springframework.boot.test.context.SpringBootTestContextBootstrapper]
18:34:22.690 [Test worker] INFO org.springframework.boot.test.context.SpringBootTestContextBootstrapper - Neither @ContextConfiguration nor @ContextHierarchy found for test class [com.kwon770.book.springboot.web.dto.IndexControllerTest], using SpringBootContextLoader
18:34:22.696 [Test worker] DEBUG org.springframework.test.context.support.AbstractContextLoader - Did not detect default resource location for test class [com.kwon770.book.springboot.web.dto.IndexControllerTest]: class path resource [com/kwon770/book/springboot/web/dto/IndexControllerTest-context.xml] does not exist
18:34:22.698 [Test worker] DEBUG org.springframework.test.context.support.AbstractContextLoader - Did not detect default resource location for test class [com.kwon770.book.springboot.web.dto.IndexControllerTest]: class path resource [com/kwon770/book/springboot/web/dto/IndexControllerTestContext.groovy] does not exist
18:34:22.698 [Test worker] INFO org.springframework.test.context.support.AbstractContextLoader - Could not detect default resource locations for test class [com.kwon770.book.springboot.web.dto.IndexControllerTest]: no resource found for suffixes {-context.xml, Context.groovy}.
18:34:22.700 [Test worker] INFO org.springframework.test.context.support.AnnotationConfigContextLoaderUtils - Could not detect default configuration classes for test class [com.kwon770.book.springboot.web.dto.IndexControllerTest]: IndexControllerTest does not declare any static, non-private, non-final, nested classes annotated with @Configuration.
18:34:22.790 [Test worker] DEBUG org.springframework.test.context.support.ActiveProfilesUtils - Could not find an 'annotation declaring class' for annotation type [org.springframework.test.context.ActiveProfiles] and class [com.kwon770.book.springboot.web.dto.IndexControllerTest]
18:34:22.943 [Test worker] DEBUG org.springframework.context.annotation.ClassPathScanningCandidateComponentProvider - Identified candidate component class: file [/Users/chan/code/Intellij/springaws/build/classes/java/main/com/kwon770/book/springboot/Application.class]
18:34:22.944 [Test worker] INFO org.springframework.boot.test.context.SpringBootTestContextBootstrapper - Found @SpringBootConfiguration com.kwon770.book.springboot.Application for test class com.kwon770.book.springboot.web.dto.IndexControllerTest
18:34:23.088 [Test worker] DEBUG org.springframework.boot.test.context.SpringBootTestContextBootstrapper - @TestExecutionListeners is not present for class [com.kwon770.book.springboot.web.dto.IndexControllerTest]: using defaults.
18:34:23.089 [Test worker] INFO org.springframework.boot.test.context.SpringBootTestContextBootstrapper - Loaded default TestExecutionListener class names from location [META-INF/spring.factories]: [org.springframework.security.test.context.support.WithSecurityContextTestExecutionListener, org.springframework.security.test.context.support.ReactorContextTestExecutionListener, org.springframework.boot.test.autoconfigure.restdocs.RestDocsTestExecutionListener, org.springframework.boot.test.autoconfigure.web.client.MockRestServiceServerResetTestExecutionListener, org.springframework.boot.test.autoconfigure.web.servlet.MockMvcPrintOnlyOnFailureTestExecutionListener, org.springframework.boot.test.autoconfigure.web.servlet.WebDriverTestExecutionListener, org.springframework.boot.test.mock.mockito.MockitoTestExecutionListener, org.springframework.boot.test.mock.mockito.ResetMocksTestExecutionListener, org.springframework.test.context.web.ServletTestExecutionListener, org.springframework.test.context.support.DirtiesContextBeforeModesTestExecutionListener, org.springframework.test.context.support.DependencyInjectionTestExecutionListener, org.springframework.test.context.support.DirtiesContextTestExecutionListener, org.springframework.test.context.transaction.TransactionalTestExecutionListener, org.springframework.test.context.jdbc.SqlScriptsTestExecutionListener]
18:34:23.114 [Test worker] INFO org.springframework.boot.test.context.SpringBootTestContextBootstrapper - Using TestExecutionListeners: [org.springframework.test.context.web.ServletTestExecutionListener@5707df2f, org.springframework.test.context.support.DirtiesContextBeforeModesTestExecutionListener@200989f7, org.springframework.boot.test.mock.mockito.MockitoTestExecutionListener@5e9bfd13, org.springframework.boot.test.autoconfigure.SpringBootDependencyInjectionTestExecutionListener@1c32d7c6, org.springframework.test.context.support.DirtiesContextTestExecutionListener@75258dc8, org.springframework.test.context.transaction.TransactionalTestExecutionListener@190fe4aa, org.springframework.test.context.jdbc.SqlScriptsTestExecutionListener@187de1fd, org.springframework.security.test.context.support.WithSecurityContextTestExecutionListener@127b99d3, org.springframework.security.test.context.support.ReactorContextTestExecutionListener@4be91d99, org.springframework.boot.test.autoconfigure.restdocs.RestDocsTestExecutionListener@2d259afa, org.springframework.boot.test.autoconfigure.web.client.MockRestServiceServerResetTestExecutionListener@5a20e4aa, org.springframework.boot.test.autoconfigure.web.servlet.MockMvcPrintOnlyOnFailureTestExecutionListener@145b5b3c, org.springframework.boot.test.autoconfigure.web.servlet.WebDriverTestExecutionListener@17dd99fb, org.springframework.boot.test.mock.mockito.ResetMocksTestExecutionListener@162e23b0]
18:34:23.115 [Test worker] DEBUG org.springframework.test.annotation.ProfileValueUtils - Retrieved @ProfileValueSourceConfiguration [null] for test class [com.kwon770.book.springboot.web.dto.IndexControllerTest]
18:34:23.116 [Test worker] DEBUG org.springframework.test.annotation.ProfileValueUtils - Retrieved ProfileValueSource type [class org.springframework.test.annotation.SystemProfileValueSource] for class [com.kwon770.book.springboot.web.dto.IndexControllerTest]
18:34:23.116 [Test worker] DEBUG org.springframework.test.annotation.ProfileValueUtils - Retrieved @ProfileValueSourceConfiguration [null] for test class [com.kwon770.book.springboot.web.dto.IndexControllerTest]
18:34:23.116 [Test worker] DEBUG org.springframework.test.annotation.ProfileValueUtils - Retrieved ProfileValueSource type [class org.springframework.test.annotation.SystemProfileValueSource] for class [com.kwon770.book.springboot.web.dto.IndexControllerTest]
18:34:23.120 [Test worker] DEBUG org.springframework.test.context.support.AbstractDirtiesContextTestExecutionListener - Before test class: context [DefaultTestContext@638196eb testClass = IndexControllerTest, testInstance = [null], testMethod = [null], testException = [null], mergedContextConfiguration = [WebMergedContextConfiguration@76ce0ea3 testClass = IndexControllerTest, locations = '{}', classes = '{class com.kwon770.book.springboot.Application}', contextInitializerClasses = '[]', activeProfiles = '{}', propertySourceLocations = '{}', propertySourceProperties = '{org.springframework.boot.test.context.SpringBootTestContextBootstrapper=true, server.port=0}', contextCustomizers = set[org.springframework.boot.test.autoconfigure.properties.PropertyMappingContextCustomizer@0, org.springframework.boot.test.autoconfigure.web.servlet.WebDriverContextCustomizerFactory$Customizer@4e30c259, org.springframework.boot.test.context.filter.ExcludeFilterContextCustomizer@e6c25ce, org.springframework.boot.test.json.DuplicateJsonObjectContextCustomizerFactory$DuplicateJsonObjectContextCustomizer@78e150e1, org.springframework.boot.test.mock.mockito.MockitoContextCustomizer@0, org.springframework.boot.test.web.client.TestRestTemplateContextCustomizer@6695eed8], resourceBasePath = 'src/main/webapp', contextLoader = 'org.springframework.boot.test.context.SpringBootContextLoader', parent = [null]], attributes = map['org.springframework.test.context.web.ServletTestExecutionListener.activateListener' -> false]], class annotated with @DirtiesContext [false] with mode [null].
18:34:23.121 [Test worker] DEBUG org.springframework.test.annotation.ProfileValueUtils - Retrieved @ProfileValueSourceConfiguration [null] for test class [com.kwon770.book.springboot.web.dto.IndexControllerTest]
18:34:23.121 [Test worker] DEBUG org.springframework.test.annotation.ProfileValueUtils - Retrieved ProfileValueSource type [class org.springframework.test.annotation.SystemProfileValueSource] for class [com.kwon770.book.springboot.web.dto.IndexControllerTest]
18:34:23.126 [Test worker] DEBUG org.springframework.test.context.support.DependencyInjectionTestExecutionListener - Performing dependency injection for test context [[DefaultTestContext@638196eb testClass = IndexControllerTest, testInstance = com.kwon770.book.springboot.web.dto.IndexControllerTest@7502b100, testMethod = [null], testException = [null], mergedContextConfiguration = [WebMergedContextConfiguration@76ce0ea3 testClass = IndexControllerTest, locations = '{}', classes = '{class com.kwon770.book.springboot.Application}', contextInitializerClasses = '[]', activeProfiles = '{}', propertySourceLocations = '{}', propertySourceProperties = '{org.springframework.boot.test.context.SpringBootTestContextBootstrapper=true, server.port=0}', contextCustomizers = set[org.springframework.boot.test.autoconfigure.properties.PropertyMappingContextCustomizer@0, org.springframework.boot.test.autoconfigure.web.servlet.WebDriverContextCustomizerFactory$Customizer@4e30c259, org.springframework.boot.test.context.filter.ExcludeFilterContextCustomizer@e6c25ce, org.springframework.boot.test.json.DuplicateJsonObjectContextCustomizerFactory$DuplicateJsonObjectContextCustomizer@78e150e1, org.springframework.boot.test.mock.mockito.MockitoContextCustomizer@0, org.springframework.boot.test.web.client.TestRestTemplateContextCustomizer@6695eed8], resourceBasePath = 'src/main/webapp', contextLoader = 'org.springframework.boot.test.context.SpringBootContextLoader', parent = [null]], attributes = map['org.springframework.test.context.web.ServletTestExecutionListener.activateListener' -> false]]].
18:34:23.159 [Test worker] DEBUG org.springframework.test.context.support.TestPropertySourceUtils - Adding inlined properties to environment: {spring.jmx.enabled=false, org.springframework.boot.test.context.SpringBootTestContextBootstrapper=true, server.port=0}

  .   ____          _            __ _ _
 /\\ / ___'_ __ _ _(_)_ __  __ _ \ \ \ \
( ( )\___ | '_ | '_| | '_ \/ _` | \ \ \ \
 \\/  ___)| |_)| | | | | || (_| |  ) ) ) )
  '  |____| .__|_| |_|_| |_\__, | / / / /
 =========|_|==============|___/=/_/_/_/
 :: Spring Boot ::        (v2.1.9.RELEASE)

2021-01-03 18:34:23.782  INFO 19640 --- [    Test worker] c.k.b.s.web.dto.IndexControllerTest      : Starting IndexControllerTest on Chanui-MacBookPro.local with PID 19640 (started by chan in /Users/chan/code/Intellij/springaws)
2021-01-03 18:34:23.783  INFO 19640 --- [    Test worker] c.k.b.s.web.dto.IndexControllerTest      : No active profile set, falling back to default profiles: default
2021-01-03 18:34:25.120  INFO 19640 --- [    Test worker] .s.d.r.c.RepositoryConfigurationDelegate : Bootstrapping Spring Data repositories in DEFAULT mode.
2021-01-03 18:34:25.284  INFO 19640 --- [    Test worker] .s.d.r.c.RepositoryConfigurationDelegate : Finished Spring Data repository scanning in 152ms. Found 2 repository interfaces.
2021-01-03 18:34:26.053  INFO 19640 --- [    Test worker] trationDelegate$BeanPostProcessorChecker : Bean 'org.springframework.transaction.annotation.ProxyTransactionManagementConfiguration' of type [org.springframework.transaction.annotation.ProxyTransactionManagementConfiguration$$EnhancerBySpringCGLIB$$97d2e1c1] is not eligible for getting processed by all BeanPostProcessors (for example: not eligible for auto-proxying)
2021-01-03 18:34:26.501  INFO 19640 --- [    Test worker] o.s.b.w.embedded.tomcat.TomcatWebServer  : Tomcat initialized with port(s): 0 (http)
2021-01-03 18:34:26.534  INFO 19640 --- [    Test worker] o.apache.catalina.core.StandardService   : Starting service [Tomcat]
2021-01-03 18:34:26.535  INFO 19640 --- [    Test worker] org.apache.catalina.core.StandardEngine  : Starting Servlet engine: [Apache Tomcat/9.0.26]
2021-01-03 18:34:26.717  INFO 19640 --- [    Test worker] o.a.c.c.C.[Tomcat].[localhost].[/]       : Initializing Spring embedded WebApplicationContext
2021-01-03 18:34:26.717  INFO 19640 --- [    Test worker] o.s.web.context.ContextLoader            : Root WebApplicationContext: initialization completed in 2913 ms
2021-01-03 18:34:27.126  INFO 19640 --- [    Test worker] com.zaxxer.hikari.HikariDataSource       : HikariPool-1 - Starting...
2021-01-03 18:34:27.395  INFO 19640 --- [    Test worker] com.zaxxer.hikari.HikariDataSource       : HikariPool-1 - Start completed.
2021-01-03 18:34:27.520  INFO 19640 --- [    Test worker] o.hibernate.jpa.internal.util.LogHelper  : HHH000204: Processing PersistenceUnitInfo [
	name: default
	...]
2021-01-03 18:34:27.623  INFO 19640 --- [    Test worker] org.hibernate.Version                    : HHH000412: Hibernate Core {5.3.12.Final}
2021-01-03 18:34:27.625  INFO 19640 --- [    Test worker] org.hibernate.cfg.Environment            : HHH000206: hibernate.properties not found
2021-01-03 18:34:27.918  INFO 19640 --- [    Test worker] o.hibernate.annotations.common.Version   : HCANN000001: Hibernate Commons Annotations {5.0.4.Final}
2021-01-03 18:34:28.276  INFO 19640 --- [    Test worker] org.hibernate.dialect.Dialect            : HHH000400: Using dialect: org.hibernate.dialect.MySQL5InnoDBDialect
Hibernate: drop table if exists posts
Hibernate: drop table if exists user
Hibernate: create table posts (id bigint not null auto_increment, created_date datetime, modified_date datetime, author varchar(255), content TEXT not null, title varchar(500) not null, primary key (id)) engine=InnoDB
Hibernate: create table user (id bigint not null auto_increment, created_date datetime, modified_date datetime, email varchar(255) not null, name varchar(255) not null, picture varchar(255), role varchar(255) not null, primary key (id)) engine=InnoDB
2021-01-03 18:34:29.153  INFO 19640 --- [    Test worker] o.h.t.schema.internal.SchemaCreatorImpl  : HHH000476: Executing import script 'org.hibernate.tool.schema.internal.exec.ScriptSourceInputNonExistentImpl@36a8cc6a'
2021-01-03 18:34:29.158  INFO 19640 --- [    Test worker] j.LocalContainerEntityManagerFactoryBean : Initialized JPA EntityManagerFactory for persistence unit 'default'
2021-01-03 18:34:29.855  INFO 19640 --- [    Test worker] o.h.h.i.QueryTranslatorFactoryInitiator  : HHH000397: Using ASTQueryTranslatorFactory
2021-01-03 18:34:30.316  INFO 19640 --- [    Test worker] o.s.s.web.DefaultSecurityFilterChain     : Creating filter chain: any request, [org.springframework.security.web.context.request.async.WebAsyncManagerIntegrationFilter@12cbdd0b, org.springframework.security.web.context.SecurityContextPersistenceFilter@15a7ce43, org.springframework.security.web.header.HeaderWriterFilter@7b1240e9, org.springframework.security.web.authentication.logout.LogoutFilter@696fa3d4, org.springframework.security.oauth2.client.web.OAuth2AuthorizationRequestRedirectFilter@1bf74d7a, org.springframework.security.oauth2.client.web.OAuth2LoginAuthenticationFilter@6d95c953, org.springframework.security.web.authentication.ui.DefaultLoginPageGeneratingFilter@2e93cf8e, org.springframework.security.web.authentication.ui.DefaultLogoutPageGeneratingFilter@18795bbe, org.springframework.security.web.savedrequest.RequestCacheAwareFilter@414dc5d1, org.springframework.security.web.servletapi.SecurityContextHolderAwareRequestFilter@341365a9, org.springframework.security.web.authentication.AnonymousAuthenticationFilter@5fce451, org.springframework.security.web.session.SessionManagementFilter@503d950b, org.springframework.security.web.access.ExceptionTranslationFilter@c14c5db, org.springframework.security.web.access.intercept.FilterSecurityInterceptor@6aecc54e]
2021-01-03 18:34:30.655  INFO 19640 --- [    Test worker] o.s.s.concurrent.ThreadPoolTaskExecutor  : Initializing ExecutorService 'applicationTaskExecutor'
2021-01-03 18:34:30.736  WARN 19640 --- [    Test worker] aWebConfiguration$JpaWebMvcConfiguration : spring.jpa.open-in-view is enabled by default. Therefore, database queries may be performed during view rendering. Explicitly configure spring.jpa.open-in-view to disable this warning
2021-01-03 18:34:30.802  INFO 19640 --- [    Test worker] o.s.b.a.w.s.WelcomePageHandlerMapping    : Adding welcome page template: index
2021-01-03 18:34:31.196  INFO 19640 --- [    Test worker] s.a.ScheduledAnnotationBeanPostProcessor : No TaskScheduler/ScheduledExecutorService bean found for scheduled processing
2021-01-03 18:34:31.226  INFO 19640 --- [    Test worker] o.s.b.w.embedded.tomcat.TomcatWebServer  : Tomcat started on port(s): 53619 (http) with context path ''
2021-01-03 18:34:31.229  INFO 19640 --- [    Test worker] c.k.b.s.web.dto.IndexControllerTest      : Started IndexControllerTest in 8.068 seconds (JVM running for 9.325)
2021-01-03 18:34:31.445  INFO 19640 --- [o-auto-1-exec-1] o.a.c.c.C.[Tomcat].[localhost].[/]       : Initializing Spring DispatcherServlet 'dispatcherServlet'
2021-01-03 18:34:31.445  INFO 19640 --- [o-auto-1-exec-1] o.s.web.servlet.DispatcherServlet        : Initializing Servlet 'dispatcherServlet'
2021-01-03 18:34:31.473  INFO 19640 --- [o-auto-1-exec-1] o.s.web.servlet.DispatcherServlet        : Completed initialization in 28 ms
Hibernate: select posts0_.id as id1_0_, posts0_.created_date as created_2_0_, posts0_.modified_date as modified3_0_, posts0_.author as author4_0_, posts0_.content as content5_0_, posts0_.title as title6_0_ from posts posts0_ order by posts0_.id DESC
]]></system-out>
  <system-err><![CDATA[]]></system-err>
</testsuite>
