<?xml version="1.0" encoding="UTF-8"?>
<testsuite name="com.kwon770.book.springboot.web.HelloControllerTest" tests="2" skipped="0" failures="0" errors="0" timestamp="2021-01-05T05:50:55" hostname="Chanui-MacBookPro.local" time="0.115">
  <properties/>
  <testcase name="test_ReturningHelloDto" classname="com.kwon770.book.springboot.web.HelloControllerTest" time="0.107"/>
  <testcase name="test_ReturningHello" classname="com.kwon770.book.springboot.web.HelloControllerTest" time="0.007"/>
  <system-out><![CDATA[2021-01-05 14:50:54.369  INFO 33502 --- [    Test worker] .b.t.a.w.s.WebMvcTestContextBootstrapper : Neither @ContextConfiguration nor @ContextHierarchy found for test class [com.kwon770.book.springboot.web.HelloControllerTest], using SpringBootContextLoader
2021-01-05 14:50:54.370  INFO 33502 --- [    Test worker] o.s.t.c.support.AbstractContextLoader    : Could not detect default resource locations for test class [com.kwon770.book.springboot.web.HelloControllerTest]: no resource found for suffixes {-context.xml, Context.groovy}.
2021-01-05 14:50:54.370  INFO 33502 --- [    Test worker] t.c.s.AnnotationConfigContextLoaderUtils : Could not detect default configuration classes for test class [com.kwon770.book.springboot.web.HelloControllerTest]: HelloControllerTest does not declare any static, non-private, non-final, nested classes annotated with @Configuration.
2021-01-05 14:50:54.398  INFO 33502 --- [    Test worker] .b.t.c.SpringBootTestContextBootstrapper : Found @SpringBootConfiguration com.kwon770.book.springboot.Application for test class com.kwon770.book.springboot.web.HelloControllerTest
2021-01-05 14:50:54.399  INFO 33502 --- [    Test worker] .b.t.a.w.s.WebMvcTestContextBootstrapper : Loaded default TestExecutionListener class names from location [META-INF/spring.factories]: [org.springframework.security.test.context.support.WithSecurityContextTestExecutionListener, org.springframework.security.test.context.support.ReactorContextTestExecutionListener, org.springframework.boot.test.autoconfigure.restdocs.RestDocsTestExecutionListener, org.springframework.boot.test.autoconfigure.web.client.MockRestServiceServerResetTestExecutionListener, org.springframework.boot.test.autoconfigure.web.servlet.MockMvcPrintOnlyOnFailureTestExecutionListener, org.springframework.boot.test.autoconfigure.web.servlet.WebDriverTestExecutionListener, org.springframework.boot.test.mock.mockito.MockitoTestExecutionListener, org.springframework.boot.test.mock.mockito.ResetMocksTestExecutionListener, org.springframework.test.context.web.ServletTestExecutionListener, org.springframework.test.context.support.DirtiesContextBeforeModesTestExecutionListener, org.springframework.test.context.support.DependencyInjectionTestExecutionListener, org.springframework.test.context.support.DirtiesContextTestExecutionListener, org.springframework.test.context.transaction.TransactionalTestExecutionListener, org.springframework.test.context.jdbc.SqlScriptsTestExecutionListener]
2021-01-05 14:50:54.400  INFO 33502 --- [    Test worker] .b.t.a.w.s.WebMvcTestContextBootstrapper : Using TestExecutionListeners: [org.springframework.test.context.web.ServletTestExecutionListener@53d66b5f, org.springframework.test.context.support.DirtiesContextBeforeModesTestExecutionListener@43b98405, org.springframework.boot.test.mock.mockito.MockitoTestExecutionListener@63dc6f32, org.springframework.boot.test.autoconfigure.SpringBootDependencyInjectionTestExecutionListener@cbd0826, org.springframework.test.context.support.DirtiesContextTestExecutionListener@6cd1167d, org.springframework.test.context.transaction.TransactionalTestExecutionListener@63c73e4e, org.springframework.test.context.jdbc.SqlScriptsTestExecutionListener@636268fb, org.springframework.security.test.context.support.WithSecurityContextTestExecutionListener@77aa089, org.springframework.security.test.context.support.ReactorContextTestExecutionListener@637c2ce5, org.springframework.boot.test.autoconfigure.restdocs.RestDocsTestExecutionListener@39134b8a, org.springframework.boot.test.autoconfigure.web.client.MockRestServiceServerResetTestExecutionListener@4946c9e3, org.springframework.boot.test.autoconfigure.web.servlet.MockMvcPrintOnlyOnFailureTestExecutionListener@1b6a46aa, org.springframework.boot.test.autoconfigure.web.servlet.WebDriverTestExecutionListener@19734a26, org.springframework.boot.test.mock.mockito.ResetMocksTestExecutionListener@3a1f0d99]

  .   ____          _            __ _ _
 /\\ / ___'_ __ _ _(_)_ __  __ _ \ \ \ \
( ( )\___ | '_ | '_| | '_ \/ _` | \ \ \ \
 \\/  ___)| |_)| | | | | || (_| |  ) ) ) )
  '  |____| .__|_| |_|_| |_\__, | / / / /
 =========|_|==============|___/=/_/_/_/
 :: Spring Boot ::        (v2.1.9.RELEASE)

2021-01-05 14:50:54.438  INFO 33502 --- [    Test worker] c.k.b.s.web.HelloControllerTest          : Starting HelloControllerTest on Chanui-MacBookPro.local with PID 33502 (started by chan in /Users/chan/code/Intellij/springaws)
2021-01-05 14:50:54.440  INFO 33502 --- [    Test worker] c.k.b.s.web.HelloControllerTest          : No active profile set, falling back to default profiles: default
2021-01-05 14:50:54.770  INFO 33502 --- [    Test worker] o.s.s.concurrent.ThreadPoolTaskExecutor  : Initializing ExecutorService 'applicationTaskExecutor'
2021-01-05 14:50:54.796  INFO 33502 --- [    Test worker] o.s.b.a.w.s.WelcomePageHandlerMapping    : Adding welcome page template: index
2021-01-05 14:50:54.936  INFO 33502 --- [    Test worker] .s.s.UserDetailsServiceAutoConfiguration : 

Using generated security password: 33b5a31b-60ee-4b35-a873-74a190ac596c

2021-01-05 14:50:55.030  INFO 33502 --- [    Test worker] o.s.s.web.DefaultSecurityFilterChain     : Creating filter chain: any request, [org.springframework.security.web.context.request.async.WebAsyncManagerIntegrationFilter@5974f1db, org.springframework.security.web.context.SecurityContextPersistenceFilter@2fdc7fbe, org.springframework.security.web.header.HeaderWriterFilter@3b2e1ceb, org.springframework.security.web.csrf.CsrfFilter@10e39bf2, org.springframework.security.web.authentication.logout.LogoutFilter@350fbd20, org.springframework.security.web.authentication.UsernamePasswordAuthenticationFilter@526388cc, org.springframework.security.web.authentication.ui.DefaultLoginPageGeneratingFilter@4ee4cf30, org.springframework.security.web.authentication.ui.DefaultLogoutPageGeneratingFilter@79b158a7, org.springframework.security.web.authentication.www.BasicAuthenticationFilter@497b19e, org.springframework.security.web.savedrequest.RequestCacheAwareFilter@435d220c, org.springframework.security.web.servletapi.SecurityContextHolderAwareRequestFilter@85fb7c8, org.springframework.security.web.authentication.AnonymousAuthenticationFilter@40931d4e, org.springframework.security.web.session.SessionManagementFilter@371e3c77, org.springframework.security.web.access.ExceptionTranslationFilter@7ac2c5ec, org.springframework.security.web.access.intercept.FilterSecurityInterceptor@617f2f3b]
2021-01-05 14:50:55.043  INFO 33502 --- [    Test worker] o.s.b.t.m.w.SpringBootMockServletContext : Initializing Spring TestDispatcherServlet ''
2021-01-05 14:50:55.043  INFO 33502 --- [    Test worker] o.s.t.web.servlet.TestDispatcherServlet  : Initializing Servlet ''
2021-01-05 14:50:55.045  INFO 33502 --- [    Test worker] o.s.t.web.servlet.TestDispatcherServlet  : Completed initialization in 2 ms
2021-01-05 14:50:55.071  INFO 33502 --- [    Test worker] c.k.b.s.web.HelloControllerTest          : Started HelloControllerTest in 0.664 seconds (JVM running for 8.466)
]]></system-out>
  <system-err><![CDATA[]]></system-err>
</testsuite>
