<?xml version="1.0" encoding="UTF-8"?>
<testsuite name="com.kwon770.book.springboot.web.dto.IndexControllerTest" tests="1" skipped="0" failures="0" errors="0" timestamp="2021-01-03T06:53:29" hostname="Chanui-MacBookPro.local" time="0.36">
  <properties/>
  <testcase name="Test_LoadingMainPage" classname="com.kwon770.book.springboot.web.dto.IndexControllerTest" time="0.36"/>
  <system-out><![CDATA[15:53:22.956 [Test worker] DEBUG org.springframework.test.context.junit4.SpringJUnit4ClassRunner - SpringJUnit4ClassRunner constructor called with [class com.kwon770.book.springboot.web.dto.IndexControllerTest]
15:53:22.963 [Test worker] DEBUG org.springframework.test.context.BootstrapUtils - Instantiating CacheAwareContextLoaderDelegate from class [org.springframework.test.context.cache.DefaultCacheAwareContextLoaderDelegate]
15:53:22.974 [Test worker] DEBUG org.springframework.test.context.BootstrapUtils - Instantiating BootstrapContext using constructor [public org.springframework.test.context.support.DefaultBootstrapContext(java.lang.Class,org.springframework.test.context.CacheAwareContextLoaderDelegate)]
15:53:22.993 [Test worker] DEBUG org.springframework.test.context.BootstrapUtils - Instantiating TestContextBootstrapper for test class [com.kwon770.book.springboot.web.dto.IndexControllerTest] from class [org.springframework.boot.test.context.SpringBootTestContextBootstrapper]
15:53:23.007 [Test worker] INFO org.springframework.boot.test.context.SpringBootTestContextBootstrapper - Neither @ContextConfiguration nor @ContextHierarchy found for test class [com.kwon770.book.springboot.web.dto.IndexControllerTest], using SpringBootContextLoader
15:53:23.011 [Test worker] DEBUG org.springframework.test.context.support.AbstractContextLoader - Did not detect default resource location for test class [com.kwon770.book.springboot.web.dto.IndexControllerTest]: class path resource [com/kwon770/book/springboot/web/dto/IndexControllerTest-context.xml] does not exist
15:53:23.011 [Test worker] DEBUG org.springframework.test.context.support.AbstractContextLoader - Did not detect default resource location for test class [com.kwon770.book.springboot.web.dto.IndexControllerTest]: class path resource [com/kwon770/book/springboot/web/dto/IndexControllerTestContext.groovy] does not exist
15:53:23.012 [Test worker] INFO org.springframework.test.context.support.AbstractContextLoader - Could not detect default resource locations for test class [com.kwon770.book.springboot.web.dto.IndexControllerTest]: no resource found for suffixes {-context.xml, Context.groovy}.
15:53:23.013 [Test worker] INFO org.springframework.test.context.support.AnnotationConfigContextLoaderUtils - Could not detect default configuration classes for test class [com.kwon770.book.springboot.web.dto.IndexControllerTest]: IndexControllerTest does not declare any static, non-private, non-final, nested classes annotated with @Configuration.
15:53:23.060 [Test worker] DEBUG org.springframework.test.context.support.ActiveProfilesUtils - Could not find an 'annotation declaring class' for annotation type [org.springframework.test.context.ActiveProfiles] and class [com.kwon770.book.springboot.web.dto.IndexControllerTest]
15:53:23.170 [Test worker] DEBUG org.springframework.context.annotation.ClassPathScanningCandidateComponentProvider - Identified candidate component class: file [/Users/chan/code/Intellij/springaws/build/classes/java/main/com/kwon770/book/springboot/Application.class]
15:53:23.171 [Test worker] INFO org.springframework.boot.test.context.SpringBootTestContextBootstrapper - Found @SpringBootConfiguration com.kwon770.book.springboot.Application for test class com.kwon770.book.springboot.web.dto.IndexControllerTest
15:53:23.265 [Test worker] DEBUG org.springframework.boot.test.context.SpringBootTestContextBootstrapper - @TestExecutionListeners is not present for class [com.kwon770.book.springboot.web.dto.IndexControllerTest]: using defaults.
15:53:23.265 [Test worker] INFO org.springframework.boot.test.context.SpringBootTestContextBootstrapper - Loaded default TestExecutionListener class names from location [META-INF/spring.factories]: [org.springframework.security.test.context.support.WithSecurityContextTestExecutionListener, org.springframework.security.test.context.support.ReactorContextTestExecutionListener, org.springframework.boot.test.autoconfigure.restdocs.RestDocsTestExecutionListener, org.springframework.boot.test.autoconfigure.web.client.MockRestServiceServerResetTestExecutionListener, org.springframework.boot.test.autoconfigure.web.servlet.MockMvcPrintOnlyOnFailureTestExecutionListener, org.springframework.boot.test.autoconfigure.web.servlet.WebDriverTestExecutionListener, org.springframework.boot.test.mock.mockito.MockitoTestExecutionListener, org.springframework.boot.test.mock.mockito.ResetMocksTestExecutionListener, org.springframework.test.context.web.ServletTestExecutionListener, org.springframework.test.context.support.DirtiesContextBeforeModesTestExecutionListener, org.springframework.test.context.support.DependencyInjectionTestExecutionListener, org.springframework.test.context.support.DirtiesContextTestExecutionListener, org.springframework.test.context.transaction.TransactionalTestExecutionListener, org.springframework.test.context.jdbc.SqlScriptsTestExecutionListener]
15:53:23.288 [Test worker] INFO org.springframework.boot.test.context.SpringBootTestContextBootstrapper - Using TestExecutionListeners: [org.springframework.test.context.web.ServletTestExecutionListener@1cf6dafa, org.springframework.test.context.support.DirtiesContextBeforeModesTestExecutionListener@e4a8a08, org.springframework.boot.test.mock.mockito.MockitoTestExecutionListener@634581e1, org.springframework.boot.test.autoconfigure.SpringBootDependencyInjectionTestExecutionListener@10818f6, org.springframework.test.context.support.DirtiesContextTestExecutionListener@2b032327, org.springframework.test.context.transaction.TransactionalTestExecutionListener@7143e685, org.springframework.test.context.jdbc.SqlScriptsTestExecutionListener@3ec63bc5, org.springframework.security.test.context.support.WithSecurityContextTestExecutionListener@7fc85b43, org.springframework.security.test.context.support.ReactorContextTestExecutionListener@4d604586, org.springframework.boot.test.autoconfigure.restdocs.RestDocsTestExecutionListener@23f9f561, org.springframework.boot.test.autoconfigure.web.client.MockRestServiceServerResetTestExecutionListener@2ceeeac8, org.springframework.boot.test.autoconfigure.web.servlet.MockMvcPrintOnlyOnFailureTestExecutionListener@1141ae55, org.springframework.boot.test.autoconfigure.web.servlet.WebDriverTestExecutionListener@5e42958e, org.springframework.boot.test.mock.mockito.ResetMocksTestExecutionListener@327c31da]
15:53:23.290 [Test worker] DEBUG org.springframework.test.annotation.ProfileValueUtils - Retrieved @ProfileValueSourceConfiguration [null] for test class [com.kwon770.book.springboot.web.dto.IndexControllerTest]
15:53:23.291 [Test worker] DEBUG org.springframework.test.annotation.ProfileValueUtils - Retrieved ProfileValueSource type [class org.springframework.test.annotation.SystemProfileValueSource] for class [com.kwon770.book.springboot.web.dto.IndexControllerTest]
15:53:23.291 [Test worker] DEBUG org.springframework.test.annotation.ProfileValueUtils - Retrieved @ProfileValueSourceConfiguration [null] for test class [com.kwon770.book.springboot.web.dto.IndexControllerTest]
15:53:23.291 [Test worker] DEBUG org.springframework.test.annotation.ProfileValueUtils - Retrieved ProfileValueSource type [class org.springframework.test.annotation.SystemProfileValueSource] for class [com.kwon770.book.springboot.web.dto.IndexControllerTest]
15:53:23.295 [Test worker] DEBUG org.springframework.test.context.support.AbstractDirtiesContextTestExecutionListener - Before test class: context [DefaultTestContext@499d41a2 testClass = IndexControllerTest, testInstance = [null], testMethod = [null], testException = [null], mergedContextConfiguration = [WebMergedContextConfiguration@3bd14ce8 testClass = IndexControllerTest, locations = '{}', classes = '{class com.kwon770.book.springboot.Application}', contextInitializerClasses = '[]', activeProfiles = '{}', propertySourceLocations = '{}', propertySourceProperties = '{org.springframework.boot.test.context.SpringBootTestContextBootstrapper=true, server.port=0}', contextCustomizers = set[org.springframework.boot.test.autoconfigure.properties.PropertyMappingContextCustomizer@0, org.springframework.boot.test.autoconfigure.web.servlet.WebDriverContextCustomizerFactory$Customizer@4c8440aa, org.springframework.boot.test.context.filter.ExcludeFilterContextCustomizer@31f44194, org.springframework.boot.test.json.DuplicateJsonObjectContextCustomizerFactory$DuplicateJsonObjectContextCustomizer@62acdb40, org.springframework.boot.test.mock.mockito.MockitoContextCustomizer@0, org.springframework.boot.test.web.client.TestRestTemplateContextCustomizer@33b6ddd], resourceBasePath = 'src/main/webapp', contextLoader = 'org.springframework.boot.test.context.SpringBootContextLoader', parent = [null]], attributes = map['org.springframework.test.context.web.ServletTestExecutionListener.activateListener' -> false]], class annotated with @DirtiesContext [false] with mode [null].
15:53:23.295 [Test worker] DEBUG org.springframework.test.annotation.ProfileValueUtils - Retrieved @ProfileValueSourceConfiguration [null] for test class [com.kwon770.book.springboot.web.dto.IndexControllerTest]
15:53:23.296 [Test worker] DEBUG org.springframework.test.annotation.ProfileValueUtils - Retrieved ProfileValueSource type [class org.springframework.test.annotation.SystemProfileValueSource] for class [com.kwon770.book.springboot.web.dto.IndexControllerTest]
15:53:23.302 [Test worker] DEBUG org.springframework.test.context.support.DependencyInjectionTestExecutionListener - Performing dependency injection for test context [[DefaultTestContext@499d41a2 testClass = IndexControllerTest, testInstance = com.kwon770.book.springboot.web.dto.IndexControllerTest@2a034d47, testMethod = [null], testException = [null], mergedContextConfiguration = [WebMergedContextConfiguration@3bd14ce8 testClass = IndexControllerTest, locations = '{}', classes = '{class com.kwon770.book.springboot.Application}', contextInitializerClasses = '[]', activeProfiles = '{}', propertySourceLocations = '{}', propertySourceProperties = '{org.springframework.boot.test.context.SpringBootTestContextBootstrapper=true, server.port=0}', contextCustomizers = set[org.springframework.boot.test.autoconfigure.properties.PropertyMappingContextCustomizer@0, org.springframework.boot.test.autoconfigure.web.servlet.WebDriverContextCustomizerFactory$Customizer@4c8440aa, org.springframework.boot.test.context.filter.ExcludeFilterContextCustomizer@31f44194, org.springframework.boot.test.json.DuplicateJsonObjectContextCustomizerFactory$DuplicateJsonObjectContextCustomizer@62acdb40, org.springframework.boot.test.mock.mockito.MockitoContextCustomizer@0, org.springframework.boot.test.web.client.TestRestTemplateContextCustomizer@33b6ddd], resourceBasePath = 'src/main/webapp', contextLoader = 'org.springframework.boot.test.context.SpringBootContextLoader', parent = [null]], attributes = map['org.springframework.test.context.web.ServletTestExecutionListener.activateListener' -> false]]].
15:53:23.324 [Test worker] DEBUG org.springframework.test.context.support.TestPropertySourceUtils - Adding inlined properties to environment: {spring.jmx.enabled=false, org.springframework.boot.test.context.SpringBootTestContextBootstrapper=true, server.port=0}

  .   ____          _            __ _ _
 /\\ / ___'_ __ _ _(_)_ __  __ _ \ \ \ \
( ( )\___ | '_ | '_| | '_ \/ _` | \ \ \ \
 \\/  ___)| |_)| | | | | || (_| |  ) ) ) )
  '  |____| .__|_| |_|_| |_\__, | / / / /
 =========|_|==============|___/=/_/_/_/
 :: Spring Boot ::        (v2.1.9.RELEASE)

2021-01-03 15:53:23.758  INFO 18612 --- [    Test worker] c.k.b.s.web.dto.IndexControllerTest      : Starting IndexControllerTest on Chanui-MacBookPro.local with PID 18612 (started by chan in /Users/chan/code/Intellij/springaws)
2021-01-03 15:53:23.759  INFO 18612 --- [    Test worker] c.k.b.s.web.dto.IndexControllerTest      : No active profile set, falling back to default profiles: default
2021-01-03 15:53:24.481  INFO 18612 --- [    Test worker] .s.d.r.c.RepositoryConfigurationDelegate : Bootstrapping Spring Data repositories in DEFAULT mode.
2021-01-03 15:53:24.550  INFO 18612 --- [    Test worker] .s.d.r.c.RepositoryConfigurationDelegate : Finished Spring Data repository scanning in 61ms. Found 2 repository interfaces.
2021-01-03 15:53:25.044  INFO 18612 --- [    Test worker] trationDelegate$BeanPostProcessorChecker : Bean 'org.springframework.transaction.annotation.ProxyTransactionManagementConfiguration' of type [org.springframework.transaction.annotation.ProxyTransactionManagementConfiguration$$EnhancerBySpringCGLIB$$e2eec4d2] is not eligible for getting processed by all BeanPostProcessors (for example: not eligible for auto-proxying)
2021-01-03 15:53:25.428  INFO 18612 --- [    Test worker] o.s.b.w.embedded.tomcat.TomcatWebServer  : Tomcat initialized with port(s): 0 (http)
2021-01-03 15:53:25.456  INFO 18612 --- [    Test worker] o.apache.catalina.core.StandardService   : Starting service [Tomcat]
2021-01-03 15:53:25.456  INFO 18612 --- [    Test worker] org.apache.catalina.core.StandardEngine  : Starting Servlet engine: [Apache Tomcat/9.0.26]
2021-01-03 15:53:25.598  INFO 18612 --- [    Test worker] o.a.c.c.C.[Tomcat].[localhost].[/]       : Initializing Spring embedded WebApplicationContext
2021-01-03 15:53:25.598  INFO 18612 --- [    Test worker] o.s.web.context.ContextLoader            : Root WebApplicationContext: initialization completed in 1821 ms
2021-01-03 15:53:25.845  INFO 18612 --- [    Test worker] com.zaxxer.hikari.HikariDataSource       : HikariPool-1 - Starting...
2021-01-03 15:53:26.035  INFO 18612 --- [    Test worker] com.zaxxer.hikari.HikariDataSource       : HikariPool-1 - Start completed.
2021-01-03 15:53:26.133  INFO 18612 --- [    Test worker] o.hibernate.jpa.internal.util.LogHelper  : HHH000204: Processing PersistenceUnitInfo [
	name: default
	...]
2021-01-03 15:53:26.219  INFO 18612 --- [    Test worker] org.hibernate.Version                    : HHH000412: Hibernate Core {5.3.12.Final}
2021-01-03 15:53:26.221  INFO 18612 --- [    Test worker] org.hibernate.cfg.Environment            : HHH000206: hibernate.properties not found
2021-01-03 15:53:26.436  INFO 18612 --- [    Test worker] o.hibernate.annotations.common.Version   : HCANN000001: Hibernate Commons Annotations {5.0.4.Final}
2021-01-03 15:53:26.601  INFO 18612 --- [    Test worker] org.hibernate.dialect.Dialect            : HHH000400: Using dialect: org.hibernate.dialect.MySQL5InnoDBDialect
Hibernate: drop table if exists posts
Hibernate: drop table if exists user
Hibernate: create table posts (id bigint not null auto_increment, created_date datetime, modified_date datetime, author varchar(255), content TEXT not null, title varchar(500) not null, primary key (id)) engine=InnoDB
Hibernate: create table user (id bigint not null auto_increment, created_date datetime, modified_date datetime, email varchar(255) not null, name varchar(255) not null, picture varchar(255), role varchar(255) not null, primary key (id)) engine=InnoDB
2021-01-03 15:53:27.384  INFO 18612 --- [    Test worker] o.h.t.schema.internal.SchemaCreatorImpl  : HHH000476: Executing import script 'org.hibernate.tool.schema.internal.exec.ScriptSourceInputNonExistentImpl@4a081a4c'
2021-01-03 15:53:27.389  INFO 18612 --- [    Test worker] j.LocalContainerEntityManagerFactoryBean : Initialized JPA EntityManagerFactory for persistence unit 'default'
2021-01-03 15:53:27.997  INFO 18612 --- [    Test worker] o.h.h.i.QueryTranslatorFactoryInitiator  : HHH000397: Using ASTQueryTranslatorFactory
2021-01-03 15:53:28.415  INFO 18612 --- [    Test worker] o.s.s.web.DefaultSecurityFilterChain     : Creating filter chain: any request, [org.springframework.security.web.context.request.async.WebAsyncManagerIntegrationFilter@4425e937, org.springframework.security.web.context.SecurityContextPersistenceFilter@2f1b201c, org.springframework.security.web.header.HeaderWriterFilter@529db55e, org.springframework.security.web.authentication.logout.LogoutFilter@34f3995a, org.springframework.security.oauth2.client.web.OAuth2AuthorizationRequestRedirectFilter@1ce15b22, org.springframework.security.oauth2.client.web.OAuth2LoginAuthenticationFilter@7dc6c2a0, org.springframework.security.web.authentication.ui.DefaultLoginPageGeneratingFilter@79e8fe61, org.springframework.security.web.authentication.ui.DefaultLogoutPageGeneratingFilter@7bbd4123, org.springframework.security.web.savedrequest.RequestCacheAwareFilter@589bf44a, org.springframework.security.web.servletapi.SecurityContextHolderAwareRequestFilter@27e77745, org.springframework.security.web.authentication.AnonymousAuthenticationFilter@14a2b9dd, org.springframework.security.web.session.SessionManagementFilter@322b9ce7, org.springframework.security.web.access.ExceptionTranslationFilter@108d9646, org.springframework.security.web.access.intercept.FilterSecurityInterceptor@25f77414]
2021-01-03 15:53:28.756  INFO 18612 --- [    Test worker] o.s.s.concurrent.ThreadPoolTaskExecutor  : Initializing ExecutorService 'applicationTaskExecutor'
2021-01-03 15:53:28.810  WARN 18612 --- [    Test worker] aWebConfiguration$JpaWebMvcConfiguration : spring.jpa.open-in-view is enabled by default. Therefore, database queries may be performed during view rendering. Explicitly configure spring.jpa.open-in-view to disable this warning
2021-01-03 15:53:28.862  INFO 18612 --- [    Test worker] o.s.b.a.w.s.WelcomePageHandlerMapping    : Adding welcome page template: index
2021-01-03 15:53:29.151  INFO 18612 --- [    Test worker] s.a.ScheduledAnnotationBeanPostProcessor : No TaskScheduler/ScheduledExecutorService bean found for scheduled processing
2021-01-03 15:53:29.181  INFO 18612 --- [    Test worker] o.s.b.w.embedded.tomcat.TomcatWebServer  : Tomcat started on port(s): 51777 (http) with context path ''
2021-01-03 15:53:29.184  INFO 18612 --- [    Test worker] c.k.b.s.web.dto.IndexControllerTest      : Started IndexControllerTest in 5.857 seconds (JVM running for 6.974)
2021-01-03 15:53:29.388  INFO 18612 --- [o-auto-1-exec-1] o.a.c.c.C.[Tomcat].[localhost].[/]       : Initializing Spring DispatcherServlet 'dispatcherServlet'
2021-01-03 15:53:29.389  INFO 18612 --- [o-auto-1-exec-1] o.s.web.servlet.DispatcherServlet        : Initializing Servlet 'dispatcherServlet'
2021-01-03 15:53:29.413  INFO 18612 --- [o-auto-1-exec-1] o.s.web.servlet.DispatcherServlet        : Completed initialization in 24 ms
Hibernate: select posts0_.id as id1_0_, posts0_.created_date as created_2_0_, posts0_.modified_date as modified3_0_, posts0_.author as author4_0_, posts0_.content as content5_0_, posts0_.title as title6_0_ from posts posts0_ order by posts0_.id DESC
]]></system-out>
  <system-err><![CDATA[]]></system-err>
</testsuite>
