<?xml version="1.0" encoding="UTF-8"?>
<testsuite name="com.kwon770.book.springboot.domain.posts.PostsRepositoryTest" tests="2" skipped="0" failures="0" errors="0" timestamp="2021-01-05T05:50:56" hostname="Chanui-MacBookPro.local" time="0.024">
  <properties/>
  <testcase name="test_registeringBaseTimeEntity" classname="com.kwon770.book.springboot.domain.posts.PostsRepositoryTest" time="0.017"/>
  <testcase name="test_SavingAndLoadingPost" classname="com.kwon770.book.springboot.domain.posts.PostsRepositoryTest" time="0.007"/>
  <system-out><![CDATA[2021-01-05 14:50:55.522  INFO 33502 --- [    Test worker] .b.t.c.SpringBootTestContextBootstrapper : Neither @ContextConfiguration nor @ContextHierarchy found for test class [com.kwon770.book.springboot.domain.posts.PostsRepositoryTest], using SpringBootContextLoader
2021-01-05 14:50:55.523  INFO 33502 --- [    Test worker] o.s.t.c.support.AbstractContextLoader    : Could not detect default resource locations for test class [com.kwon770.book.springboot.domain.posts.PostsRepositoryTest]: no resource found for suffixes {-context.xml, Context.groovy}.
2021-01-05 14:50:55.523  INFO 33502 --- [    Test worker] t.c.s.AnnotationConfigContextLoaderUtils : Could not detect default configuration classes for test class [com.kwon770.book.springboot.domain.posts.PostsRepositoryTest]: PostsRepositoryTest does not declare any static, non-private, non-final, nested classes annotated with @Configuration.
2021-01-05 14:50:55.530  INFO 33502 --- [    Test worker] .b.t.c.SpringBootTestContextBootstrapper : Found @SpringBootConfiguration com.kwon770.book.springboot.Application for test class com.kwon770.book.springboot.domain.posts.PostsRepositoryTest
2021-01-05 14:50:55.531  INFO 33502 --- [    Test worker] .b.t.c.SpringBootTestContextBootstrapper : Loaded default TestExecutionListener class names from location [META-INF/spring.factories]: [org.springframework.security.test.context.support.WithSecurityContextTestExecutionListener, org.springframework.security.test.context.support.ReactorContextTestExecutionListener, org.springframework.boot.test.autoconfigure.restdocs.RestDocsTestExecutionListener, org.springframework.boot.test.autoconfigure.web.client.MockRestServiceServerResetTestExecutionListener, org.springframework.boot.test.autoconfigure.web.servlet.MockMvcPrintOnlyOnFailureTestExecutionListener, org.springframework.boot.test.autoconfigure.web.servlet.WebDriverTestExecutionListener, org.springframework.boot.test.mock.mockito.MockitoTestExecutionListener, org.springframework.boot.test.mock.mockito.ResetMocksTestExecutionListener, org.springframework.test.context.web.ServletTestExecutionListener, org.springframework.test.context.support.DirtiesContextBeforeModesTestExecutionListener, org.springframework.test.context.support.DependencyInjectionTestExecutionListener, org.springframework.test.context.support.DirtiesContextTestExecutionListener, org.springframework.test.context.transaction.TransactionalTestExecutionListener, org.springframework.test.context.jdbc.SqlScriptsTestExecutionListener]
2021-01-05 14:50:55.532  INFO 33502 --- [    Test worker] .b.t.c.SpringBootTestContextBootstrapper : Using TestExecutionListeners: [org.springframework.test.context.web.ServletTestExecutionListener@435cb62e, org.springframework.test.context.support.DirtiesContextBeforeModesTestExecutionListener@43131efc, org.springframework.boot.test.mock.mockito.MockitoTestExecutionListener@74cc21cd, org.springframework.boot.test.autoconfigure.SpringBootDependencyInjectionTestExecutionListener@78c89df1, org.springframework.test.context.support.DirtiesContextTestExecutionListener@5e83a900, org.springframework.test.context.transaction.TransactionalTestExecutionListener@53cb8d2, org.springframework.test.context.jdbc.SqlScriptsTestExecutionListener@10eb33f1, org.springframework.security.test.context.support.WithSecurityContextTestExecutionListener@2c700308, org.springframework.security.test.context.support.ReactorContextTestExecutionListener@6ff8742f, org.springframework.boot.test.autoconfigure.restdocs.RestDocsTestExecutionListener@fe2bb2a, org.springframework.boot.test.autoconfigure.web.client.MockRestServiceServerResetTestExecutionListener@46df759c, org.springframework.boot.test.autoconfigure.web.servlet.MockMvcPrintOnlyOnFailureTestExecutionListener@6a9b560c, org.springframework.boot.test.autoconfigure.web.servlet.WebDriverTestExecutionListener@46ee0e7c, org.springframework.boot.test.mock.mockito.ResetMocksTestExecutionListener@5ccfd660]

  .   ____          _            __ _ _
 /\\ / ___'_ __ _ _(_)_ __  __ _ \ \ \ \
( ( )\___ | '_ | '_| | '_ \/ _` | \ \ \ \
 \\/  ___)| |_)| | | | | || (_| |  ) ) ) )
  '  |____| .__|_| |_|_| |_\__, | / / / /
 =========|_|==============|___/=/_/_/_/
 :: Spring Boot ::        (v2.1.9.RELEASE)

2021-01-05 14:50:55.546  INFO 33502 --- [    Test worker] c.k.b.s.d.posts.PostsRepositoryTest      : Starting PostsRepositoryTest on Chanui-MacBookPro.local with PID 33502 (started by chan in /Users/chan/code/Intellij/springaws)
2021-01-05 14:50:55.546  INFO 33502 --- [    Test worker] c.k.b.s.d.posts.PostsRepositoryTest      : No active profile set, falling back to default profiles: default
2021-01-05 14:50:55.706  INFO 33502 --- [    Test worker] .s.d.r.c.RepositoryConfigurationDelegate : Bootstrapping Spring Data repositories in DEFAULT mode.
2021-01-05 14:50:55.720  INFO 33502 --- [    Test worker] .s.d.r.c.RepositoryConfigurationDelegate : Finished Spring Data repository scanning in 14ms. Found 2 repository interfaces.
2021-01-05 14:50:55.801  INFO 33502 --- [    Test worker] trationDelegate$BeanPostProcessorChecker : Bean 'org.springframework.transaction.annotation.ProxyTransactionManagementConfiguration' of type [org.springframework.transaction.annotation.ProxyTransactionManagementConfiguration$$EnhancerBySpringCGLIB$$233be27a] is not eligible for getting processed by all BeanPostProcessors (for example: not eligible for auto-proxying)
2021-01-05 14:50:55.870  INFO 33502 --- [    Test worker] com.zaxxer.hikari.HikariDataSource       : HikariPool-2 - Starting...
2021-01-05 14:50:55.872  INFO 33502 --- [    Test worker] com.zaxxer.hikari.HikariDataSource       : HikariPool-2 - Start completed.
2021-01-05 14:50:55.891  INFO 33502 --- [    Test worker] o.hibernate.jpa.internal.util.LogHelper  : HHH000204: Processing PersistenceUnitInfo [
	name: default
	...]
2021-01-05 14:50:55.896  INFO 33502 --- [    Test worker] org.hibernate.dialect.Dialect            : HHH000400: Using dialect: org.hibernate.dialect.MySQL5InnoDBDialect
Hibernate: drop table if exists posts
Hibernate: drop table if exists user
Hibernate: create table posts (id bigint not null auto_increment, created_date datetime, modified_date datetime, author varchar(255), content TEXT not null, title varchar(500) not null, primary key (id)) engine=InnoDB
Hibernate: create table user (id bigint not null auto_increment, created_date datetime, modified_date datetime, email varchar(255) not null, name varchar(255) not null, picture varchar(255), role varchar(255) not null, primary key (id)) engine=InnoDB
2021-01-05 14:50:55.933  INFO 33502 --- [    Test worker] o.h.t.schema.internal.SchemaCreatorImpl  : HHH000476: Executing import script 'org.hibernate.tool.schema.internal.exec.ScriptSourceInputNonExistentImpl@b970d61'
2021-01-05 14:50:55.934  INFO 33502 --- [    Test worker] j.LocalContainerEntityManagerFactoryBean : Initialized JPA EntityManagerFactory for persistence unit 'default'
2021-01-05 14:50:56.091  INFO 33502 --- [    Test worker] o.h.h.i.QueryTranslatorFactoryInitiator  : HHH000397: Using ASTQueryTranslatorFactory
2021-01-05 14:50:56.207  INFO 33502 --- [    Test worker] o.s.s.web.DefaultSecurityFilterChain     : Creating filter chain: any request, [org.springframework.security.web.context.request.async.WebAsyncManagerIntegrationFilter@7b78c434, org.springframework.security.web.context.SecurityContextPersistenceFilter@74939d36, org.springframework.security.web.header.HeaderWriterFilter@4eac4f81, org.springframework.security.web.authentication.logout.LogoutFilter@368b894e, org.springframework.security.oauth2.client.web.OAuth2AuthorizationRequestRedirectFilter@466f7603, org.springframework.security.oauth2.client.web.OAuth2LoginAuthenticationFilter@52fa91d6, org.springframework.security.web.authentication.ui.DefaultLoginPageGeneratingFilter@5e99d586, org.springframework.security.web.authentication.ui.DefaultLogoutPageGeneratingFilter@681445b8, org.springframework.security.web.savedrequest.RequestCacheAwareFilter@5339b9c5, org.springframework.security.web.servletapi.SecurityContextHolderAwareRequestFilter@7fc53464, org.springframework.security.web.authentication.AnonymousAuthenticationFilter@55f6e9d7, org.springframework.security.web.session.SessionManagementFilter@fa5cb19, org.springframework.security.web.access.ExceptionTranslationFilter@3fb307d6, org.springframework.security.web.access.intercept.FilterSecurityInterceptor@2cf7f102]
2021-01-05 14:50:56.441  INFO 33502 --- [    Test worker] o.s.s.concurrent.ThreadPoolTaskExecutor  : Initializing ExecutorService 'applicationTaskExecutor'
2021-01-05 14:50:56.453  WARN 33502 --- [    Test worker] aWebConfiguration$JpaWebMvcConfiguration : spring.jpa.open-in-view is enabled by default. Therefore, database queries may be performed during view rendering. Explicitly configure spring.jpa.open-in-view to disable this warning
2021-01-05 14:50:56.479  INFO 33502 --- [    Test worker] o.s.b.a.w.s.WelcomePageHandlerMapping    : Adding welcome page template: index
2021-01-05 14:50:56.750  INFO 33502 --- [    Test worker] s.a.ScheduledAnnotationBeanPostProcessor : No TaskScheduler/ScheduledExecutorService bean found for scheduled processing
2021-01-05 14:50:56.752  INFO 33502 --- [    Test worker] c.k.b.s.d.posts.PostsRepositoryTest      : Started PostsRepositoryTest in 1.219 seconds (JVM running for 10.146)
Hibernate: insert into posts (created_date, modified_date, author, content, title) values (?, ?, ?, ?, ?)
Hibernate: select posts0_.id as id1_0_, posts0_.created_date as created_2_0_, posts0_.modified_date as modified3_0_, posts0_.author as author4_0_, posts0_.content as content5_0_, posts0_.title as title6_0_ from posts posts0_
>>>>>>>>>> createDate=2021-01-05T14:50:56.763283, modifiedDate=2021-01-05T14:50:56.763283
Hibernate: select posts0_.id as id1_0_, posts0_.created_date as created_2_0_, posts0_.modified_date as modified3_0_, posts0_.author as author4_0_, posts0_.content as content5_0_, posts0_.title as title6_0_ from posts posts0_
Hibernate: delete from posts where id=?
Hibernate: insert into posts (created_date, modified_date, author, content, title) values (?, ?, ?, ?, ?)
Hibernate: select posts0_.id as id1_0_, posts0_.created_date as created_2_0_, posts0_.modified_date as modified3_0_, posts0_.author as author4_0_, posts0_.content as content5_0_, posts0_.title as title6_0_ from posts posts0_
Hibernate: select posts0_.id as id1_0_, posts0_.created_date as created_2_0_, posts0_.modified_date as modified3_0_, posts0_.author as author4_0_, posts0_.content as content5_0_, posts0_.title as title6_0_ from posts posts0_
Hibernate: delete from posts where id=?
]]></system-out>
  <system-err><![CDATA[]]></system-err>
</testsuite>
