<?xml version="1.0" encoding="UTF-8"?>
<testsuite name="com.kwon770.book.springboot.web.HelloControllerTest" tests="2" skipped="0" failures="0" errors="0" timestamp="2021-01-03T09:34:32" hostname="Chanui-MacBookPro.local" time="0.113">
  <properties/>
  <testcase name="test_ReturningHelloDto" classname="com.kwon770.book.springboot.web.HelloControllerTest" time="0.106"/>
  <testcase name="test_ReturningHello" classname="com.kwon770.book.springboot.web.HelloControllerTest" time="0.007"/>
  <system-out><![CDATA[2021-01-03 18:34:31.675  INFO 19640 --- [    Test worker] .b.t.a.w.s.WebMvcTestContextBootstrapper : Neither @ContextConfiguration nor @ContextHierarchy found for test class [com.kwon770.book.springboot.web.HelloControllerTest], using SpringBootContextLoader
2021-01-03 18:34:31.676  INFO 19640 --- [    Test worker] o.s.t.c.support.AbstractContextLoader    : Could not detect default resource locations for test class [com.kwon770.book.springboot.web.HelloControllerTest]: no resource found for suffixes {-context.xml, Context.groovy}.
2021-01-03 18:34:31.676  INFO 19640 --- [    Test worker] t.c.s.AnnotationConfigContextLoaderUtils : Could not detect default configuration classes for test class [com.kwon770.book.springboot.web.HelloControllerTest]: HelloControllerTest does not declare any static, non-private, non-final, nested classes annotated with @Configuration.
2021-01-03 18:34:31.730  INFO 19640 --- [    Test worker] .b.t.c.SpringBootTestContextBootstrapper : Found @SpringBootConfiguration com.kwon770.book.springboot.Application for test class com.kwon770.book.springboot.web.HelloControllerTest
2021-01-03 18:34:31.732  INFO 19640 --- [    Test worker] .b.t.a.w.s.WebMvcTestContextBootstrapper : Loaded default TestExecutionListener class names from location [META-INF/spring.factories]: [org.springframework.security.test.context.support.WithSecurityContextTestExecutionListener, org.springframework.security.test.context.support.ReactorContextTestExecutionListener, org.springframework.boot.test.autoconfigure.restdocs.RestDocsTestExecutionListener, org.springframework.boot.test.autoconfigure.web.client.MockRestServiceServerResetTestExecutionListener, org.springframework.boot.test.autoconfigure.web.servlet.MockMvcPrintOnlyOnFailureTestExecutionListener, org.springframework.boot.test.autoconfigure.web.servlet.WebDriverTestExecutionListener, org.springframework.boot.test.mock.mockito.MockitoTestExecutionListener, org.springframework.boot.test.mock.mockito.ResetMocksTestExecutionListener, org.springframework.test.context.web.ServletTestExecutionListener, org.springframework.test.context.support.DirtiesContextBeforeModesTestExecutionListener, org.springframework.test.context.support.DependencyInjectionTestExecutionListener, org.springframework.test.context.support.DirtiesContextTestExecutionListener, org.springframework.test.context.transaction.TransactionalTestExecutionListener, org.springframework.test.context.jdbc.SqlScriptsTestExecutionListener]
2021-01-03 18:34:31.733  INFO 19640 --- [    Test worker] .b.t.a.w.s.WebMvcTestContextBootstrapper : Using TestExecutionListeners: [org.springframework.test.context.web.ServletTestExecutionListener@5a6b53b8, org.springframework.test.context.support.DirtiesContextBeforeModesTestExecutionListener@41d3dee8, org.springframework.boot.test.mock.mockito.MockitoTestExecutionListener@7ae56b16, org.springframework.boot.test.autoconfigure.SpringBootDependencyInjectionTestExecutionListener@32add5db, org.springframework.test.context.support.DirtiesContextTestExecutionListener@325bb6a5, org.springframework.test.context.transaction.TransactionalTestExecutionListener@6da00a98, org.springframework.test.context.jdbc.SqlScriptsTestExecutionListener@3c4c71e1, org.springframework.security.test.context.support.WithSecurityContextTestExecutionListener@601368be, org.springframework.security.test.context.support.ReactorContextTestExecutionListener@f120487, org.springframework.boot.test.autoconfigure.restdocs.RestDocsTestExecutionListener@620b3b37, org.springframework.boot.test.autoconfigure.web.client.MockRestServiceServerResetTestExecutionListener@3d179dee, org.springframework.boot.test.autoconfigure.web.servlet.MockMvcPrintOnlyOnFailureTestExecutionListener@463a546a, org.springframework.boot.test.autoconfigure.web.servlet.WebDriverTestExecutionListener@59935616, org.springframework.boot.test.mock.mockito.ResetMocksTestExecutionListener@62fa1c90]

  .   ____          _            __ _ _
 /\\ / ___'_ __ _ _(_)_ __  __ _ \ \ \ \
( ( )\___ | '_ | '_| | '_ \/ _` | \ \ \ \
 \\/  ___)| |_)| | | | | || (_| |  ) ) ) )
  '  |____| .__|_| |_|_| |_\__, | / / / /
 =========|_|==============|___/=/_/_/_/
 :: Spring Boot ::        (v2.1.9.RELEASE)

2021-01-03 18:34:31.814  INFO 19640 --- [    Test worker] c.k.b.s.web.HelloControllerTest          : Starting HelloControllerTest on Chanui-MacBookPro.local with PID 19640 (started by chan in /Users/chan/code/Intellij/springaws)
2021-01-03 18:34:31.817  INFO 19640 --- [    Test worker] c.k.b.s.web.HelloControllerTest          : No active profile set, falling back to default profiles: default
2021-01-03 18:34:32.184  INFO 19640 --- [    Test worker] o.s.s.concurrent.ThreadPoolTaskExecutor  : Initializing ExecutorService 'applicationTaskExecutor'
2021-01-03 18:34:32.209  INFO 19640 --- [    Test worker] o.s.b.a.w.s.WelcomePageHandlerMapping    : Adding welcome page template: index
2021-01-03 18:34:32.366  INFO 19640 --- [    Test worker] .s.s.UserDetailsServiceAutoConfiguration : 

Using generated security password: d7ce762b-fa99-47b9-aadf-04ae941aa44d

2021-01-03 18:34:32.452  INFO 19640 --- [    Test worker] o.s.s.web.DefaultSecurityFilterChain     : Creating filter chain: any request, [org.springframework.security.web.context.request.async.WebAsyncManagerIntegrationFilter@1e5d7ea6, org.springframework.security.web.context.SecurityContextPersistenceFilter@606c3b9b, org.springframework.security.web.header.HeaderWriterFilter@7d7ccc9c, org.springframework.security.web.csrf.CsrfFilter@114237fd, org.springframework.security.web.authentication.logout.LogoutFilter@231a1ec, org.springframework.security.web.authentication.UsernamePasswordAuthenticationFilter@5ceb00e9, org.springframework.security.web.authentication.ui.DefaultLoginPageGeneratingFilter@4520299c, org.springframework.security.web.authentication.ui.DefaultLogoutPageGeneratingFilter@268cd91b, org.springframework.security.web.authentication.www.BasicAuthenticationFilter@6b7ccd06, org.springframework.security.web.savedrequest.RequestCacheAwareFilter@2cd8ee24, org.springframework.security.web.servletapi.SecurityContextHolderAwareRequestFilter@37dbcf0f, org.springframework.security.web.authentication.AnonymousAuthenticationFilter@2b153431, org.springframework.security.web.session.SessionManagementFilter@7d01f111, org.springframework.security.web.access.ExceptionTranslationFilter@4db03913, org.springframework.security.web.access.intercept.FilterSecurityInterceptor@7bb5e617]
2021-01-03 18:34:32.470  INFO 19640 --- [    Test worker] o.s.b.t.m.w.SpringBootMockServletContext : Initializing Spring TestDispatcherServlet ''
2021-01-03 18:34:32.470  INFO 19640 --- [    Test worker] o.s.t.web.servlet.TestDispatcherServlet  : Initializing Servlet ''
2021-01-03 18:34:32.472  INFO 19640 --- [    Test worker] o.s.t.web.servlet.TestDispatcherServlet  : Completed initialization in 1 ms
2021-01-03 18:34:32.499  INFO 19640 --- [    Test worker] c.k.b.s.web.HelloControllerTest          : Started HelloControllerTest in 0.754 seconds (JVM running for 10.594)
]]></system-out>
  <system-err><![CDATA[]]></system-err>
</testsuite>
