<?xml version="1.0" encoding="UTF-8"?>
<testsuite name="com.kwon770.book.springboot.web.dto.HelloResponseDtoTest" tests="1" skipped="0" failures="0" errors="0" timestamp="2021-01-03T06:53:22" hostname="Chanui-MacBookPro.local" time="0.062">
  <properties/>
  <testcase name="test_LombokFunction" classname="com.kwon770.book.springboot.web.dto.HelloResponseDtoTest" time="0.062"/>
  <system-out><![CDATA[]]></system-out>
  <system-err><![CDATA[]]></system-err>
</testsuite>
